<?xml version="1.0" encoding="UTF-8"?>
<!-- Generated by org.testng.reporters.JUnitReportReporter -->
<testsuite skipped="0" hostname="DESKTOP-2O6Q5BV" name="selenium.NewTest1" tests="1" failures="0" timestamp="30 Jul 2019 18:07:35 GMT" time="66.513" errors="0">
  <testcase name="f" time="66.513" classname="selenium.NewTest1"/>
</testsuite> <!-- selenium.NewTest1 -->
