<?xml version="1.0" encoding="UTF-8"?>
<!-- Generated by org.testng.reporters.JUnitReportReporter -->
<testsuite skipped="0" hostname="DESKTOP-2O6Q5BV" name="selenium.TestGrid" tests="1" failures="0" timestamp="18 Aug 2018 16:02:49 GMT" time="41.096" errors="0">
  <testcase name="test1" time="41.096" classname="selenium.TestGrid"/>
</testsuite> <!-- selenium.TestGrid -->
