<?xml version="1.0" encoding="UTF-8"?>
<!-- Generated by org.testng.reporters.JUnitReportReporter -->
<testsuite skipped="0" hostname="DESKTOP-2O6Q5BV" name="selenium.NewTest" tests="1" failures="0" timestamp="18 Aug 2018 12:22:08 GMT" time="30.253" errors="0">
  <testcase name="testf" time="30.253" classname="selenium.NewTest"/>
</testsuite> <!-- selenium.NewTest -->
